2022-08-18 15:07:32,002 - DEBUG - Received readings from Sensor
2022-08-18 15:19:35,472 - INFO - Configurations added successfully
2022-08-18 15:20:03,647 - INFO - Reading disabled
2022-08-18 15:34:25,869 - INFO - Received readings from Sensor
2022-08-18 15:34:34,605 - INFO - Received readings from Sensor
2022-08-19 12:25:15,287 - INFO - [Errno 2] No such file or directory: 'Configurations_and_Errors/Sensor_Configurations.json'
2022-08-19 12:59:08,276 - INFO - [Errno 2] No such file or directory: 'Configurations_and_Errors/Sensor_Configurations.json'
2022-08-19 12:59:08,277 - INFO - [Errno 2] No such file or directory: 'Configurations_and_Errors/Sensor_Configurations.json'
2022-08-19 12:59:29,106 - INFO - [Errno 2] No such file or directory: 'Configurations_and_Errors/Sensor_Configurations.json'
2022-08-19 13:00:23,478 - INFO - [Errno 2] No such file or directory: 'Configurations_and_Errors/Sensor_Configurations.json'
2022-08-19 13:00:23,479 - INFO - [Errno 2] No such file or directory: 'Configurations_and_Errors/Sensor_Configurations.json'








2022-08-19 13:27:31,236 - INFO - hii
2022-08-19 13:38:50,823 - ERROR - hii
2022-08-19 13:41:39,226 - ERROR - hii
2022-08-19 13:43:27,095 - CRITICAL - hii



2022-08-19 13:45:32,890 - CRITICAL - hii
2022-08-19 13:45:58,878 - CRITICAL - hii
2022-08-19 13:49:20,580 - INFO - hii
2022-08-19 13:50:09,946 - WARNING - hii




2022-08-19 14:30:05,352 - ERROR - [Errno 2] No such file or directory: 'Configurations_and_Errors/Sensor_Configurations.json'
2022-08-19 14:31:57,624 - ERROR - [Errno 2] No such file or directory: 'Configurations_and_Errors/Sensor_Configurations.json'
2022-08-19 14:35:35,624 - DEBUG - 113
2022-08-19 14:35:54,697 - ERROR - Expecting value: line 1 column 1 (char 0)
2022-08-19 14:36:08,939 - DEBUG - 113
2022-08-19 14:56:39,595 - ERROR - Received readings from Sensor
2022-08-19 15:03:08,720 - ERROR - [Errno 2] No such file or directory: 'Configurations_and_Errors/Sensor_Configurations.json'
2022-08-19 15:03:08,722 - ERROR - This class is a singleton!
2022-08-19 15:04:30,703 - ERROR - [Errno 2] No such file or directory: 'Configurations_and_Errors/Sensor_Configurations.json'
2022-08-19 15:04:30,704 - ERROR - This class is a singleton!
2022-08-19 15:05:27,757 - ERROR - [Errno 2] No such file or directory: 'Configurations_and_Errors/Sensor_Configurations.json'
2022-08-19 15:05:27,758 - ERROR - This class is a singleton!
2022-08-19 15:59:35,199 - ERROR - [Errno 2] No such file or directory: 'Configurations_and_Errors/Sensor_Configurations.json'
2022-08-19 15:59:35,200 - ERROR - 128
2022-08-19 16:19:48,478 - ERROR - [Errno 2] No such file or directory: 'Configurations_and_Errors/Sensor_Configurations.json'
2022-08-19 16:19:48,483 - ERROR - 128,Configurations not found,Error in enable_reading
2022-08-19 16:26:04,385 - ERROR - [Errno 2] No such file or directory: 'Configurations_and_Errors/Sensor_Configurations.json'
2022-08-19 16:26:04,386 - ERROR - 128 - Configurations not found - Error in enable_reading
2022-08-19 16:39:33,225 - ERROR - Received readings from Sensor
2022-08-19 17:20:16,457 - ERROR - 'NoneType' object has no attribute 'registers'
2022-08-19 17:21:34,831 - WARNING - 'NoneType' object has no attribute 'registers'
2022-08-19 17:28:27,183 - WARNING - 'set' object has no attribute 'registers'
2022-08-19 17:47:24,082 - ERROR - logging_error() missing 1 required positional argument: 'loglevel'
2022-08-19 17:51:18,856 - ERROR - logging_error() missing 1 required positional argument: 'loglevel'
2022-08-19 17:52:20,268 - ERROR - 'list' object has no attribute 'keys'
2022-08-19 17:52:48,365 - ERROR - logging_error() missing 1 required positional argument: 'loglevel'
2022-08-19 18:04:06,491 - ERROR - 129
2022-08-19 18:04:21,128 - ERROR - 129
2022-08-19 18:04:49,367 - ERROR - 129
2022-08-19 18:11:09,325 - ERROR - 129 - Invalid variable - Error in enable_reading
2022-08-19 18:12:45,056 - ERROR - 129 - Invalid variable - Error_in_set_bod_configurations
2022-08-19 18:13:22,654 - ERROR - string index out of range
2022-08-19 18:14:30,349 - ERROR - string index out of range
2022-08-19 18:14:47,040 - ERROR - list index out of range
2022-08-19 18:15:04,292 - ERROR - list index out of range
2022-08-19 18:15:52,468 - ERROR - list index out of range
2022-08-19 18:16:23,518 - ERROR - list index out of range
2022-08-19 18:19:04,506 - ERROR - list index out of range
2022-08-19 18:21:39,555 - ERROR - 'NoneType' object is not subscriptable
2022-08-19 18:22:00,786 - ERROR - list index out of range
2022-08-19 18:22:12,957 - ERROR - list index out of range
2022-08-19 18:29:23,357 - ERROR - list index out of range
2022-08-19 18:29:39,265 - ERROR - list index out of range
2022-08-19 18:29:50,867 - ERROR - list index out of range
2022-08-19 18:31:41,513 - ERROR - list index out of range
2022-08-19 18:34:45,147 - ERROR - list index out of range
2022-08-19 18:35:19,197 - ERROR - list index out of range
2022-08-19 18:35:32,639 - ERROR - '<' not supported between instances of 'str' and 'int'
2022-08-19 18:36:42,659 - ERROR - '<' not supported between instances of 'str' and 'int'
2022-08-19 18:38:43,742 - ERROR - '<' not supported between instances of 'int' and 'str'
2022-08-19 18:39:02,735 - ERROR - '<' not supported between instances of 'str' and 'int'
2022-08-19 18:41:44,493 - INFO - Reading disabled
2022-08-19 18:42:12,136 - ERROR - BOD DeviceID 10 Not found
2022-08-19 18:43:54,392 - ERROR - BOD DeviceID 10 Not found
2022-08-19 18:45:01,283 - ERROR - BOD DeviceID 10 Not found
2022-08-22 09:33:53,516 - INFO - Received readings from Sensor
2022-08-22 09:34:38,169 - INFO - Received readings from Sensor
2022-08-22 11:25:33,280 - INFO - Received readings from Sensor
2022-08-22 14:19:42,547 - ERROR - [Errno 2] No such file or directory: 'Configurations_and_Errors/Sensor_Configurations.json'
2022-08-22 14:25:45,706 - ERROR - [Errno 2] No such file or directory: 'Configurations_and_Errors/Sensor_Configurations.json'
2022-08-22 14:31:43,819 - INFO - Received readings from Sensor
2022-08-22 14:31:47,478 - INFO - Received readings from Sensor
2022-08-22 14:33:38,263 - INFO - Received readings from Sensor
2022-08-22 16:11:33,031 - INFO - Received readings from Sensor
2022-08-22 16:12:13,993 - INFO - Received readings from Sensor
2022-08-22 16:14:42,636 - INFO - Received readings from Sensor
2022-08-22 16:14:46,937 - INFO - Received readings from Sensor
2022-08-22 16:14:52,416 - INFO - Received readings from Sensor
2022-08-22 16:14:56,640 - INFO - Received readings from Sensor
2022-08-22 16:16:22,043 - INFO - Received readings from Sensor
2022-08-22 16:16:25,360 - INFO - Received readings from Sensor
2022-08-22 16:17:28,233 - INFO - Received readings from Sensor
2022-08-22 16:17:30,581 - INFO - Received readings from Sensor
2022-08-22 16:20:23,686 - INFO - Received readings from Sensor
2022-08-22 17:38:59,399 - INFO - Received readings from Sensor
2022-08-22 17:40:27,071 - DEBUG - unsupported operand type(s) for -: 'str' and 'int'
2022-08-22 17:42:04,498 - INFO - Configurations added successfully
2022-08-22 17:47:35,676 - ERROR - [Errno 2] No such file or directory: 'Configurations_and_Errors/Sensor_Configurations.json'
2022-08-22 17:47:35,676 - DEBUG - [Errno 2] No such file or directory: 'Configurations_and_Errors/Sensor_Configurations.json'
2022-08-22 17:48:47,868 - ERROR - [Errno 2] No such file or directory: 'Configurations_and_Errors/Sensor_Configurations.json'
2022-08-22 17:48:47,869 - DEBUG - [Errno 2] No such file or directory: 'Configurations_and_Errors/Sensor_Configurations.json'
2022-08-22 18:03:58,641 - INFO - Configurations added successfully - 20
2022-08-22 18:04:24,861 - INFO - Configurations added successfully - 20
2022-08-23 10:29:00,505 - INFO - Received readings from Sensor
2022-08-23 10:29:37,045 - INFO - Received readings from Sensor
2022-08-23 10:30:29,529 - INFO - Received readings from Sensor
2022-08-23 10:31:17,631 - INFO - Received readings from Sensor
2022-08-23 10:31:54,405 - INFO - Received readings from Sensor
2022-08-23 10:32:23,115 - INFO - Received readings from Sensor
2022-08-23 10:33:06,837 - INFO - Received readings from Sensor
2022-08-23 10:33:57,679 - INFO - Received readings from Sensor
2022-08-23 10:35:16,353 - INFO - Received readings from Sensor
2022-08-23 10:35:29,033 - INFO - Received readings from Sensor
2022-08-23 10:36:24,587 - INFO - Received readings from Sensor
2022-08-23 10:37:19,219 - INFO - Received readings from Sensor
2022-08-23 10:37:49,631 - INFO - Received readings from Sensor
2022-08-23 10:38:00,018 - INFO - Received readings from Sensor
2022-08-23 10:38:35,043 - INFO - Received readings from Sensor
2022-08-23 10:39:11,511 - INFO - Received readings from Sensor
2022-08-23 10:40:08,055 - INFO - Received readings from Sensor
2022-08-23 10:40:25,567 - INFO - Received readings from Sensor
2022-08-23 10:41:01,531 - INFO - Received readings from Sensor
2022-08-23 10:43:31,551 - INFO - Received readings from Sensor
2022-08-23 10:45:32,512 - INFO - Received readings from Sensor
2022-08-23 10:45:53,532 - INFO - Received readings from Sensor
2022-08-23 10:47:59,751 - INFO - Received readings from Sensor
2022-08-23 10:49:13,763 - INFO - Received readings from Sensor
2022-08-23 10:49:42,762 - INFO - Received readings from Sensor
2022-08-23 10:50:04,110 - INFO - Received readings from Sensor
2022-08-23 10:50:22,073 - INFO - Received readings from Sensor
2022-08-23 10:51:03,377 - WARNING - parse_rawdata() missing 2 required positional arguments: 'data_pos_1' and 'data_pos_2'
2022-08-23 10:51:03,378 - INFO - Received readings from Sensor
2022-08-23 10:51:45,695 - INFO - Received readings from Sensor
2022-08-23 10:52:07,135 - INFO - Received readings from Sensor
2022-08-23 10:52:38,410 - INFO - Received readings from Sensor
2022-08-23 10:53:07,638 - INFO - Received readings from Sensor
2022-08-23 10:53:21,241 - INFO - Received readings from Sensor
2022-08-23 10:53:49,510 - INFO - Received readings from Sensor
2022-08-23 10:54:16,378 - INFO - Received readings from Sensor
2022-08-23 10:54:43,935 - INFO - Received readings from Sensor
2022-08-23 10:56:48,818 - INFO - Received readings from Sensor
2022-08-23 10:57:13,942 - INFO - Received readings from Sensor
2022-08-23 10:58:23,369 - INFO - Received readings from Sensor
2022-08-23 10:58:34,830 - INFO - Received readings from Sensor
2022-08-23 11:00:14,649 - INFO - Received readings from Sensor
2022-08-23 11:00:47,579 - INFO - Received readings from Sensor
2022-08-23 11:01:05,057 - INFO - Received readings from Sensor
2022-08-23 11:02:34,832 - INFO - Received readings from Sensor
2022-08-23 11:08:28,683 - DEBUG - name 'pos' is not defined
2022-08-23 11:08:42,898 - DEBUG - name 'pos' is not defined
2022-08-23 15:29:20,215 - INFO - Received readings from Sensor
2022-08-23 19:09:37,020 - WARNING - BODSensor.validate_message() takes 1 positional argument but 2 were given
2022-08-23 19:09:37,022 - INFO - Received readings from Sensor
2022-08-23 19:09:51,038 - WARNING - BODSensor.validate_message() takes 1 positional argument but 2 were given
2022-08-23 19:09:51,039 - INFO - Received readings from Sensor
2022-08-23 19:10:02,363 - WARNING - BODSensor.validate_message() takes 1 positional argument but 2 were given
2022-08-23 19:10:02,364 - INFO - Received readings from Sensor
2022-08-23 19:10:24,581 - WARNING - BODSensor.validate_message() takes 1 positional argument but 2 were given
2022-08-23 19:10:24,582 - INFO - Received readings from Sensor
2022-08-23 19:11:12,652 - INFO - Received readings from Sensor
2022-08-23 19:11:25,811 - INFO - Received readings from Sensor
2022-08-24 10:20:49,232 - INFO - Received readings from Sensor
2022-08-24 10:22:11,693 - INFO - Received readings from Sensor
2022-08-24 10:23:57,726 - WARNING - 'ExceptionResponse' object has no attribute 'registers'
2022-08-24 10:23:57,727 - INFO - Received readings from Sensor
2022-08-24 10:26:12,833 - WARNING - 'ExceptionResponse' object has no attribute 'registers'
2022-08-24 10:26:12,834 - INFO - Received readings from Sensor
2022-08-24 10:27:01,451 - WARNING - 'ExceptionResponse' object has no attribute 'registers'
2022-08-24 10:27:01,452 - INFO - Received readings from Sensor
2022-08-24 10:28:03,441 - WARNING - 'ExceptionResponse' object has no attribute 'registers'
2022-08-24 10:28:03,442 - INFO - Received readings from Sensor
2022-08-24 10:29:32,575 - WARNING - 'ExceptionResponse' object has no attribute 'registers'
2022-08-24 10:29:32,576 - INFO - Received readings from Sensor
2022-08-24 10:30:39,548 - WARNING - 'error_message' is an invalid keyword argument for print()
2022-08-24 10:30:39,549 - INFO - Received readings from Sensor
2022-08-24 10:31:00,422 - WARNING - 'error_message' is an invalid keyword argument for print()
2022-08-24 10:31:00,423 - INFO - Received readings from Sensor
2022-08-24 10:35:48,948 - WARNING - 'error_message' is an invalid keyword argument for print()
2022-08-24 10:35:48,949 - INFO - Received readings from Sensor
2022-08-24 10:36:15,525 - WARNING - 'error_message' is an invalid keyword argument for print()
2022-08-24 10:36:15,527 - INFO - Received readings from Sensor
2022-08-24 10:38:46,565 - INFO - Received readings from Sensor
2022-08-24 10:39:42,471 - INFO - Received readings from Sensor
2022-08-24 10:41:35,915 - INFO - Received readings from Sensor
2022-08-24 10:42:35,693 - INFO - Received readings from Sensor
2022-08-24 10:55:29,929 - INFO - Received readings from Sensor
2022-08-24 10:55:41,968 - INFO - Received readings from Sensor
2022-08-24 16:03:08,198 - ERROR - [Errno 2] No such file or directory: 'Configurations_and_Errors/Sensor_Configurations.json'
2022-08-24 16:04:20,710 - ERROR - [Errno 2] No such file or directory: 'Configurations_and_Errors/Sensor_Configurations.json'
2022-08-24 16:12:06,242 - DEBUG - Given data is not found in the file
2022-08-24 16:30:45,870 - DEBUG - Given data is not found in the file
2022-08-24 16:31:28,480 - DEBUG - Given data is not found in the file
2022-08-24 16:43:09,033 - ERROR - [Errno 2] No such file or directory: 'Configurations_and_Errors/Sensor_Configurations.json'
2022-08-24 16:43:09,034 - ERROR - This class is a singleton!
2022-08-24 16:43:40,109 - ERROR - [Errno 2] No such file or directory: 'Configurations_and_Errors/Sensor_Configurations.json'
2022-08-24 16:43:40,110 - ERROR - This class is a singleton!
2022-08-24 16:59:34,393 - ERROR - INVALID_INFO - Error_in_set_bod_configurations
2022-08-24 17:10:46,635 - INFO - Reading disabled
2022-08-24 17:10:49,264 - ERROR - BOD DeviceID 101 Not found
2022-08-24 17:11:05,923 - ERROR - BOD DeviceID 101 Not found
2022-08-24 17:14:08,887 - INFO - Reading disabled
2022-08-24 17:14:12,761 - INFO - Reading disabled
2022-08-24 17:14:58,494 - INFO - Reading disabled
2022-08-24 17:16:20,511 - INFO - Reading disabled
2022-08-24 17:18:03,326 - ERROR - BOD DeviceID 101 Not found
2022-08-24 17:18:19,022 - INFO - Reading disabled
2022-08-24 17:18:21,465 - INFO - Reading disabled
2022-08-24 17:18:23,942 - INFO - Reading disabled
2022-08-24 17:19:19,209 - INFO - Reading disabled
2022-08-24 17:20:21,957 - INFO - Reading disabled
2022-08-24 17:20:41,965 - INFO - Reading disabled
2022-08-24 17:21:43,108 - INFO - Reading disabled
2022-08-24 17:42:18,599 - INFO - Reading disabled
2022-08-24 17:43:59,598 - ERROR - BOD DeviceID 101 Not found
2022-08-24 18:02:35,866 - INFO - Reading disabled
2022-08-24 18:03:06,464 - INFO - Reading disabled
2022-08-24 18:05:59,960 - ERROR - BOD DeviceID 101 Not found
2022-08-24 18:14:21,106 - INFO - Reading disabled
2022-08-24 18:14:25,980 - INFO - Reading disabled
2022-08-24 18:16:06,898 - INFO - Reading disabled
2022-08-24 18:20:01,313 - INFO - Reading disabled
2022-08-24 18:20:18,342 - INFO - Reading disabled
2022-08-24 18:20:22,208 - ERROR - BOD DeviceID 101 Not found
2022-08-24 18:23:19,012 - INFO - Reading disabled
2022-08-24 18:23:47,216 - INFO - Reading disabled
2022-08-24 18:24:28,871 - INFO - Reading disabled
2022-08-24 18:44:27,953 - INFO - Reading disabled
2022-08-24 18:44:35,270 - ERROR - BOD DeviceID 101 Not found
2022-08-24 18:47:10,935 - ERROR - BOD DeviceID 101 Not found
2022-08-24 18:47:29,349 - ERROR - BOD DeviceID 101 Not found
2022-08-24 18:47:55,667 - INFO - Reading disabled
2022-08-24 18:48:01,686 - ERROR - BOD DeviceID 101 Not found
2022-08-24 18:49:18,807 - INFO - Reading disabled
2022-08-24 18:49:22,256 - ERROR - BOD DeviceID 101 Not found
2022-08-25 10:15:23,409 - ERROR - [Errno 2] No such file or directory: 'Configurations_and_Errors/Sensor_Configurations.json'
2022-08-25 10:15:23,409 - DEBUG - [Errno 2] No such file or directory: 'Configurations_and_Errors/Sensor_Configurations.json'
2022-08-25 10:16:27,368 - ERROR - [Errno 2] No such file or directory: 'Configurations_and_Errors/Sensor_Configurations.json'
2022-08-25 10:21:52,589 - ERROR - [Errno 2] No such file or directory: 'Configurations_and_Errors/Sensor_Configurations.json'
2022-08-25 10:39:06,212 - ERROR - [Errno 2] No such file or directory: 'Configurations_and_Errors/Sensor_Configurations.json'
2022-08-25 10:40:05,211 - ERROR - INVALID_INFO - Error_in_set_bod_configurations
2022-08-25 10:40:23,478 - ERROR - INVALID_INFO - Error_in_set_bod_configurations
2022-08-25 11:03:00,730 - ERROR - list index out of range
2022-08-25 11:27:16,824 - INFO - Configurations added successfully
2022-08-25 11:35:24,177 - ERROR - local variable 'result' referenced before assignment
2022-08-25 11:36:34,010 - ERROR - local variable 'result' referenced before assignment
2022-08-25 11:39:16,499 - INFO - Configurations added successfully
