2022-08-18 15:07:32,002 - DEBUG - Received readings from Sensor
2022-08-18 15:19:35,472 - INFO - Configurations added successfully
2022-08-18 15:20:03,647 - INFO - Reading disabled
2022-08-18 15:34:25,869 - INFO - Received readings from Sensor
2022-08-18 15:34:34,605 - INFO - Received readings from Sensor
2022-08-19 12:25:15,287 - INFO - [Errno 2] No such file or directory: 'Configurations_and_Errors/Sensor_Configurations.json'
2022-08-19 12:59:08,276 - INFO - [Errno 2] No such file or directory: 'Configurations_and_Errors/Sensor_Configurations.json'
2022-08-19 12:59:08,277 - INFO - [Errno 2] No such file or directory: 'Configurations_and_Errors/Sensor_Configurations.json'
2022-08-19 12:59:29,106 - INFO - [Errno 2] No such file or directory: 'Configurations_and_Errors/Sensor_Configurations.json'
2022-08-19 13:00:23,478 - INFO - [Errno 2] No such file or directory: 'Configurations_and_Errors/Sensor_Configurations.json'
2022-08-19 13:00:23,479 - INFO - [Errno 2] No such file or directory: 'Configurations_and_Errors/Sensor_Configurations.json'








2022-08-19 13:27:31,236 - INFO - hii
2022-08-19 13:38:50,823 - ERROR - hii
2022-08-19 13:41:39,226 - ERROR - hii
2022-08-19 13:43:27,095 - CRITICAL - hii



2022-08-19 13:45:32,890 - CRITICAL - hii
2022-08-19 13:45:58,878 - CRITICAL - hii
2022-08-19 13:49:20,580 - INFO - hii
2022-08-19 13:50:09,946 - WARNING - hii




2022-08-19 14:30:05,352 - ERROR - [Errno 2] No such file or directory: 'Configurations_and_Errors/Sensor_Configurations.json'
2022-08-19 14:31:57,624 - ERROR - [Errno 2] No such file or directory: 'Configurations_and_Errors/Sensor_Configurations.json'
2022-08-19 14:35:35,624 - DEBUG - 113
2022-08-19 14:35:54,697 - ERROR - Expecting value: line 1 column 1 (char 0)
2022-08-19 14:36:08,939 - DEBUG - 113
2022-08-19 14:56:39,595 - ERROR - Received readings from Sensor
2022-08-19 15:03:08,720 - ERROR - [Errno 2] No such file or directory: 'Configurations_and_Errors/Sensor_Configurations.json'
2022-08-19 15:03:08,722 - ERROR - This class is a singleton!
2022-08-19 15:04:30,703 - ERROR - [Errno 2] No such file or directory: 'Configurations_and_Errors/Sensor_Configurations.json'
2022-08-19 15:04:30,704 - ERROR - This class is a singleton!
2022-08-19 15:05:27,757 - ERROR - [Errno 2] No such file or directory: 'Configurations_and_Errors/Sensor_Configurations.json'
2022-08-19 15:05:27,758 - ERROR - This class is a singleton!
2022-08-19 15:59:35,199 - ERROR - [Errno 2] No such file or directory: 'Configurations_and_Errors/Sensor_Configurations.json'
2022-08-19 15:59:35,200 - ERROR - 128
2022-08-19 16:19:48,478 - ERROR - [Errno 2] No such file or directory: 'Configurations_and_Errors/Sensor_Configurations.json'
2022-08-19 16:19:48,483 - ERROR - 128,Configurations not found,Error in enable_reading
2022-08-19 16:26:04,385 - ERROR - [Errno 2] No such file or directory: 'Configurations_and_Errors/Sensor_Configurations.json'
2022-08-19 16:26:04,386 - ERROR - 128 - Configurations not found - Error in enable_reading
2022-08-19 16:39:33,225 - ERROR - Received readings from Sensor
2022-08-19 17:20:16,457 - ERROR - 'NoneType' object has no attribute 'registers'
2022-08-19 17:21:34,831 - WARNING - 'NoneType' object has no attribute 'registers'
2022-08-19 17:28:27,183 - WARNING - 'set' object has no attribute 'registers'
2022-08-19 17:47:24,082 - ERROR - logging_error() missing 1 required positional argument: 'loglevel'
2022-08-19 17:51:18,856 - ERROR - logging_error() missing 1 required positional argument: 'loglevel'
2022-08-19 17:52:20,268 - ERROR - 'list' object has no attribute 'keys'
2022-08-19 17:52:48,365 - ERROR - logging_error() missing 1 required positional argument: 'loglevel'
2022-08-19 18:04:06,491 - ERROR - 129
2022-08-19 18:04:21,128 - ERROR - 129
2022-08-19 18:04:49,367 - ERROR - 129
2022-08-19 18:11:09,325 - ERROR - 129 - Invalid variable - Error in enable_reading
2022-08-19 18:12:45,056 - ERROR - 129 - Invalid variable - Error_in_set_bod_configurations
2022-08-19 18:13:22,654 - ERROR - string index out of range
2022-08-19 18:14:30,349 - ERROR - string index out of range
2022-08-19 18:14:47,040 - ERROR - list index out of range
2022-08-19 18:15:04,292 - ERROR - list index out of range
2022-08-19 18:15:52,468 - ERROR - list index out of range
2022-08-19 18:16:23,518 - ERROR - list index out of range
2022-08-19 18:19:04,506 - ERROR - list index out of range
2022-08-19 18:21:39,555 - ERROR - 'NoneType' object is not subscriptable
2022-08-19 18:22:00,786 - ERROR - list index out of range
2022-08-19 18:22:12,957 - ERROR - list index out of range
2022-08-19 18:29:23,357 - ERROR - list index out of range
2022-08-19 18:29:39,265 - ERROR - list index out of range
2022-08-19 18:29:50,867 - ERROR - list index out of range
2022-08-19 18:31:41,513 - ERROR - list index out of range
2022-08-19 18:34:45,147 - ERROR - list index out of range
2022-08-19 18:35:19,197 - ERROR - list index out of range
2022-08-19 18:35:32,639 - ERROR - '<' not supported between instances of 'str' and 'int'
2022-08-19 18:36:42,659 - ERROR - '<' not supported between instances of 'str' and 'int'
2022-08-19 18:38:43,742 - ERROR - '<' not supported between instances of 'int' and 'str'
2022-08-19 18:39:02,735 - ERROR - '<' not supported between instances of 'str' and 'int'
2022-08-19 18:41:44,493 - INFO - Reading disabled
2022-08-19 18:42:12,136 - ERROR - BOD DeviceID 10 Not found
2022-08-19 18:43:54,392 - ERROR - BOD DeviceID 10 Not found
2022-08-19 18:45:01,283 - ERROR - BOD DeviceID 10 Not found
2022-08-22 09:33:53,516 - INFO - Received readings from Sensor
2022-08-22 09:34:38,169 - INFO - Received readings from Sensor
2022-08-22 11:25:33,280 - INFO - Received readings from Sensor
2022-08-22 14:19:42,547 - ERROR - [Errno 2] No such file or directory: 'Configurations_and_Errors/Sensor_Configurations.json'
2022-08-22 14:25:45,706 - ERROR - [Errno 2] No such file or directory: 'Configurations_and_Errors/Sensor_Configurations.json'
2022-08-22 14:31:43,819 - INFO - Received readings from Sensor
2022-08-22 14:31:47,478 - INFO - Received readings from Sensor
2022-08-22 14:33:38,263 - INFO - Received readings from Sensor
2022-08-22 16:11:33,031 - INFO - Received readings from Sensor
2022-08-22 16:12:13,993 - INFO - Received readings from Sensor
2022-08-22 16:14:42,636 - INFO - Received readings from Sensor
2022-08-22 16:14:46,937 - INFO - Received readings from Sensor
2022-08-22 16:14:52,416 - INFO - Received readings from Sensor
2022-08-22 16:14:56,640 - INFO - Received readings from Sensor
2022-08-22 16:16:22,043 - INFO - Received readings from Sensor
2022-08-22 16:16:25,360 - INFO - Received readings from Sensor
2022-08-22 16:17:28,233 - INFO - Received readings from Sensor
2022-08-22 16:17:30,581 - INFO - Received readings from Sensor
2022-08-22 16:20:23,686 - INFO - Received readings from Sensor
2022-08-22 17:38:59,399 - INFO - Received readings from Sensor
2022-08-22 17:40:27,071 - DEBUG - unsupported operand type(s) for -: 'str' and 'int'
2022-08-22 17:42:04,498 - INFO - Configurations added successfully
2022-08-22 17:47:35,676 - ERROR - [Errno 2] No such file or directory: 'Configurations_and_Errors/Sensor_Configurations.json'
2022-08-22 17:47:35,676 - DEBUG - [Errno 2] No such file or directory: 'Configurations_and_Errors/Sensor_Configurations.json'
2022-08-22 17:48:47,868 - ERROR - [Errno 2] No such file or directory: 'Configurations_and_Errors/Sensor_Configurations.json'
2022-08-22 17:48:47,869 - DEBUG - [Errno 2] No such file or directory: 'Configurations_and_Errors/Sensor_Configurations.json'
