2022-06-20 13:08:25,908 INFO {'Time': 4}
2022-06-21 10:07:45,838 INFO {'Time': 45}
2022-06-21 10:13:24,716 INFO {'Time': 10}
2022-06-21 10:15:18,653 INFO {'Time': 10, 'Energymeter': [171, 1, 46]}
2022-06-21 10:15:41,088 INFO {'Time': 10, 'Energymeter': [171, 1, 46]}
2022-06-21 10:16:15,743 INFO {'Time': 10, 'Energymeter': [171, 1, 46]}
2022-06-21 11:52:08,398 INFO {'Time': 10, 'Energymeter': [171, 1, 46]}
2022-06-21 11:55:17,207 INFO {'Time': 12, 'Energymeter': [170, 1, 46]}
2022-06-21 11:59:12,863 INFO {'Time': 12, 'Energymeter': [170, 1, 46]}
2022-06-21 11:59:41,839 INFO {'Time': 10, 'Energymeter': [170, 1, 46]}
2022-06-21 12:02:26,450 INFO {'Time': 10, 'Energymeter': [170, 1, 46]}
2022-06-21 12:05:43,917 INFO {'Time': 10, 'Energymeter': [170, 1, 46]}
2022-06-21 12:07:59,211 INFO {'Time': 10, 'Energymeter': [170, 1, 46]}
2022-06-21 12:09:12,909 INFO {'Time': 10, 'Energymeter': [170, 1, 46]}
2022-06-21 12:10:00,377 INFO {'Time': 10, 'Energymeter': [170, 1, 46]}
2022-06-21 12:11:36,805 INFO {'Time': 14, 'BOD': [100, 9729, 10]}
2022-06-21 14:12:54,996 INFO {'RESET': 'Clear'}
2022-06-21 14:13:26,049 INFO {'RESET': 'Clear'}
2022-06-21 14:14:03,800 INFO {'RESET': 'Clear'}
2022-06-21 14:18:13,396 INFO {'RESET': 'Clear'}
2022-06-21 14:44:57,447 INFO {'RESET': 'Clear'}
2022-06-21 17:10:00,513 INFO {'RESET': 'Clear'}
2022-06-21 17:10:36,394 INFO {'RESET': 'Clear'}
2022-06-21 17:11:23,649 INFO {'RESET': 'Clear'}
2022-06-21 17:13:45,239 INFO {'RESET': 'Clear'}
2022-06-21 17:14:09,206 INFO {'RESET': 'Clear'}
2022-06-21 17:40:52,639 INFO {'Time': 15, 'Energymeter': [171, 1, 46], 'COD': [101, 9729, 10], 'BOD': [101, 9729, 10], 'Temperature': [101, 9729, 10], 'TSS': [101, 4608, 4], 'Ph': [110, 9729, 5], 'TDS': [120, 9729, 4]}
2022-06-22 14:37:02,426 INFO {'Time': 15, 'Energymeter': [171, 1, 46], 'COD': [101, 9729, 10], 'BOD': [101, 9729, 10], 'Temperature': [101, 9729, 10], 'TSS': [101, 4608, 4], 'Ph': [110, 9729, 5], 'TDS': [120, 9729, 4]}
2022-06-27 16:39:08,029 INFO {'RESET': 'Clear'}
2022-06-27 16:40:39,411 INFO {'RESET': 'Clear'}
2022-06-27 16:41:27,665 INFO {'Time': 15, 'Energymeter': [170, 1, 46], 'COD': [100, 9729, 10], 'BOD': [100, 9729, 10], 'Temperature': [100, 9729, 10], 'TSS': [100, 4608, 4], 'Ph': [110, 9729, 5], 'TDS': [120, 9729, 4], 'Conductivity': [120, 9729, 4]}
2022-06-27 16:43:35,242 INFO {'Time': 15, 'Energymeter': [170, 1, 46], 'COD': [100, 9729, 10], 'BOD': [100, 9729, 10], 'Temperature': [100, 9729, 10], 'TSS': [100, 4608, 4], 'Ph': [110, 9729, 5], 'TDS': [120, 9729, 4], 'Conductivity': [120, 9729, 4]}
2022-06-27 16:44:31,098 INFO {'Time': 15, 'Energymeter': [170, 1, 46], 'COD': [100, 10], 'BOD': [100, 9729, 10], 'Temperature': [100, 9729, 10], 'TSS': [100, 4608, 4], 'Ph': [110, 9729, 5], 'TDS': [120, 9729, 4], 'Conductivity': [120, 9729, 4]}
2022-06-27 17:01:17,366 INFO {'Time': 15, 'Energymeter': [170, 1, 46], 'COD': [100, 10], 'BOD': [100, 9729, 10], 'Temperature': [100, 9729, 10], 'TSS': [100, 4608, 4], 'Ph': [110, 9729, 5], 'TDS': [120, 9729, 4], 'Conductivity': [120, 9729, 4]}
2022-06-27 17:01:55,718 INFO {'Time': 15, 'Energymeter': [170, 1, 46], 'COD': [100, 10], 'BOD': [100, 9729, 10], 'Temperature': [100, 9729], 'TSS': [100, 4608, 4], 'Ph': [110, 9729, 5], 'TDS': [120, 9729, 4], 'Conductivity': [120, 9729, 4]}
2022-06-27 17:03:36,214 INFO {'Time': 15, 'Energymeter': [170, 1, 46], 'COD': [100, 10], 'BOD': [100, 9729, 10], 'Temperature': [100, 9729], 'TSS': [100, 4608, 4], 'Ph': [110, 9729, 5], 'TDS': [120, 9729, 4], 'Conductivity': [120, 9729, 4]}
2022-06-27 17:04:17,051 INFO {'Time': 15, 'Energymeter': [170, 1, 46], 'COD': [100, 10], 'BOD': [100, 9729, 10], 'Temperature': [100, 9729], 'TSS': [100, 4608, 4], 'Ph': [110, 9729, 5], 'TDS': [120, 9729, 4], 'Conductivity': [120, 9729, 4]}
2022-06-27 17:05:12,030 INFO {'RESET': 'Clear'}
2022-06-27 17:05:49,877 INFO {'Time': 15, 'Energymeter': [170, 1, 46], 'COD': [100, 9729, 10], 'BOD': [100, 9729, 10], 'Temperature': [100, 9729, 10], 'TSS': [100, 4608, 4], 'Ph': [110, 9729, 5], 'TDS': [120, 9729, 4], 'Conductivity': [120, 9729, 4]}
2022-06-27 17:06:02,642 INFO {'Time': 15, 'Energymeter': [170, 1, 46], 'COD': [100, 10], 'BOD': [100, 9729, 10], 'Temperature': [100, 9729], 'TSS': [100, 4608, 4], 'Ph': [110, 9729, 5], 'TDS': [120, 9729, 4], 'Conductivity': [120, 9729, 4]}
2022-06-27 17:07:18,150 INFO {'RESET': 'Clear'}
2022-06-27 17:08:08,280 INFO {'Time': 15, 'Energymeter': [170, 1, 46], 'COD': [100, 10], 'BOD': [100, 9729, 10], 'Temperature': [100, 9729], 'TSS': [100, 4608, 4], 'Ph': [110, 9729, 5], 'TDS': [120, 9729, 4], 'Conductivity': [120, 9729, 4]}
2022-06-27 17:09:10,960 INFO {'Time': 15, 'Energymeter': [170, 1, 46], 'COD': [100, 10], 'BOD': [100, 9729, 10], 'Temperature': [100, 9729], 'TSS': [100, 4608, 4], 'Ph': [110, 9729, 5], 'TDS': [120, 9729, 4], 'Conductivity': [120, 9729, 4]}
2022-06-27 17:11:12,709 INFO {'Time': 15, 'Energymeter': [170, 1, 46], 'COD': [100, 10], 'BOD': [100, 9729, 10], 'Temperature': [100, 9729, 10], 'TSS': [100, 4608, 4], 'Ph': [110, 9729, 5], 'TDS': [120, 9729, 4], 'Conductivity': [120, 9729, 4]}
2022-06-27 17:11:44,449 INFO {'Time': 15, 'Energymeter': [170, 1, 46], 'COD': [100, 10], 'BOD': [100, 9729, 10], 'Temperature': [100, 9729, 10], 'TSS': [100, 4608, 4], 'Ph': [110, 9729, 5], 'TDS': [120, 9729, 4], 'Conductivity': [120, 9729, 4]}
2022-06-27 17:14:45,908 INFO {'Time': 15, 'Energymeter': [170, 1, 46], 'COD': [100, 10], 'BOD': [100, 9729, 10], 'Temperature': [100, 9729, 10], 'TSS': [100, 4608, 4], 'Ph': [110, 9729, 5], 'TDS': [120, 9729, 4], 'Conductivity': [120, 9729, 4]}
2022-06-27 17:15:49,513 INFO {'Time': 15, 'Energymeter': [170, 1, 46], 'COD': [100, 10], 'BOD': [100, 9729, 10], 'Temperature': [100, 9729, 10], 'TSS': [100, 4608, 4], 'Ph': [110, 9729, 5], 'TDS': [120, 9729, 4], 'Conductivity': [120, 9729, 4]}
2022-06-27 17:16:16,830 INFO {'Time': 15, 'Energymeter': [170, 1, 46], 'COD': [100, 10], 'BOD': [100, 9729, 10], 'Temperature': [100, 9729, 10], 'TSS': [100, 4608, 4], 'Ph': [110, 9729, 5], 'TDS': [120, 9729, 4], 'Conductivity': [120, 9729, 4]}
2022-06-27 17:17:14,365 INFO {'Time': 15, 'Energymeter': [170, 1, 46], 'COD': [100, 10], 'BOD': [100, 9729, 10], 'Temperature': [100, 10], 'TSS': [100, 4608, 4], 'Ph': [110, 9729, 5], 'TDS': [120, 9729, 4], 'Conductivity': [120, 9729, 4]}
2022-06-27 17:17:37,725 INFO {'Time': 15, 'Energymeter': [170, 1, 46], 'COD': [100, 10], 'BOD': [100, 9729, 10], 'Temperature': [100, 10], 'TSS': [100, 4608, 4], 'Ph': [110, 9729, 5], 'TDS': [120, 9729, 4], 'Conductivity': [120, 9729, 4]}
2022-06-27 17:26:23,746 INFO {'Time': 15, 'Energymeter': [170, 1, 46], 'COD': [100, 10], 'BOD': [100, 9729, 10], 'Temperature': [100, 10], 'TSS': [100, 4608, 4], 'Ph': [110, 9729, 5], 'TDS': [120, 9729, 4], 'Conductivity': [120, 9729, 4]}
2022-06-27 17:27:01,461 INFO {'Time': 15, 'Energymeter': [170, 1, 46], 'COD': [100, 10], 'BOD': [100, 9729, 10], 'Temperature': [100, 10], 'TSS': [100, 4608, 4], 'Ph': [110, 9729, 5], 'TDS': [120, 9729, 4], 'Conductivity': [120, 9729, 4]}
2022-06-28 10:53:48,502 INFO {'RESET': 'Clear'}
2022-06-28 10:58:09,353 INFO {'Time': 15, 'Energymeter': [170, 1, 46], 'COD': [100, 9729, 10], 'BOD': [100, 9729], 'Temperature': [100, 9729, 10], 'TSS': [100, 4608, 4], 'Ph': [110, 9729, 5], 'TDS': [120, 9729, 4], 'Conductivity': [120, 9729, 4]}
2022-06-28 11:00:22,784 INFO {'RESET': 'Clear'}
2022-06-28 11:00:54,629 INFO {'Time': 15, 'Energymeter': [170, 1, 46], 'COD': [100, 9729, 10], 'BOD': [100, 9729], 'Temperature': [100, 9729, 10], 'TSS': [100, 4608, 4], 'Ph': [110, 9729, 5], 'TDS': [120, 9729, 4], 'Conductivity': [120, 9729, 4]}
2022-06-28 11:01:47,719 INFO {'Time': 15, 'Energymeter': [170, 1, 46], 'COD': [100, 9729, 10], 'BOD': [100, 9729], 'Temperature': [100, 9729], 'TSS': [100, 4608, 4], 'Ph': [110, 9729, 5], 'TDS': [120, 9729, 4], 'Conductivity': [120, 9729, 4]}
2022-06-28 11:03:35,355 INFO {'Time': 15, 'Energymeter': [170, 1, 46], 'COD': [100, 9729, 10], 'BOD': [100, 9729], 'Temperature': [100, 9729], 'TSS': [100, 4608, 4], 'Ph': [110, 9729, 5], 'TDS': [120, 9729, 4], 'Conductivity': [120, 9729, 4]}
2022-06-28 11:04:05,701 INFO {'Time': 15, 'Energymeter': [170, 1, 46], 'COD': [100, 9729, 10], 'BOD': [100, 9729], 'Temperature': [100, 9729], 'TSS': [100, 4608, 4], 'Ph': [110, 9729, 5], 'TDS': [120, 9729, 4], 'Conductivity': [120, 9729, 4]}
2022-06-28 11:04:25,874 INFO {'Time': 15, 'Energymeter': [170, 1, 46], 'COD': [100, 9729, 10], 'BOD': [100, 9729], 'Temperature': [100, 9729], 'TSS': [100, 4608], 'Ph': [110, 9729, 5], 'TDS': [120, 9729, 4], 'Conductivity': [120, 9729, 4]}
2022-06-28 11:06:23,873 INFO {'Time': 15, 'Energymeter': [170, 1, 46], 'COD': [100, 9729, 10], 'BOD': [100, 9729], 'Temperature': [100, 9729], 'TSS': [100, 4608], 'Ph': [110, 9729, 5], 'TDS': [120, 9729, 4], 'Conductivity': [120, 9729, 4]}
2022-06-28 11:06:41,218 INFO {'Time': 15, 'Energymeter': [170, 1, 46], 'COD': [100, 9729, 10], 'BOD': [100, 9729], 'Temperature': [100, 9729], 'TSS': [100, 4608], 'Ph': [110, 9729, 5], 'TDS': [120, 9729, 4], 'Conductivity': [120, 9729, 4]}
2022-06-28 11:31:41,637 INFO {'Time': 15, 'Energymeter': [170, 1, 46], 'COD': [100, 9729, 10], 'BOD': [100, 9729], 'Temperature': [100, 9729], 'TSS': [100, 4608], 'Ph': [110, 9729, 5], 'TDS': [120, 9729, 4], 'Conductivity': [120, 9729, 4]}
2022-06-28 11:35:26,230 INFO {'Time': 15, 'Energymeter': [170, 1, 46], 'COD': [100, 9729, 10], 'BOD': [100, 9729], 'Temperature': [100, 9729], 'TSS': [100, 4608], 'Ph': [110, 9729, 5], 'TDS': [120, 9729, 4], 'Conductivity': [120, 9729, 4]}
2022-06-28 11:37:35,249 INFO {'Time': 15, 'Energymeter': [170, 1, 46], 'COD': [100, 9729, 10], 'BOD': [100, 9729], 'Temperature': [100, 9729], 'TSS': [100, 4608], 'Ph': [110, 9729, 5], 'TDS': [120, 9729, 4], 'Conductivity': [120, 9729, 4]}
2022-06-28 11:38:27,799 INFO {'Time': 15, 'Energymeter': [170, 1, 46], 'COD': [100, 9729, 10], 'BOD': [100, 9729], 'Temperature': [100, 9729], 'TSS': [100, 4608], 'Ph': [110, 9729, 5], 'TDS': [120, 9729, 4], 'Conductivity': [120, 9729, 4]}
2022-06-28 11:40:13,924 INFO {'Time': 15, 'Energymeter': [170, 1, 46], 'COD': [100, 9729, 10], 'BOD': [100, 9729], 'Temperature': [100, 9729], 'TSS': [100, 4608], 'Ph': [110, 9729, 5], 'TDS': [120, 9729, 4], 'Conductivity': [120, 9729, 4]}
2022-06-28 11:40:33,991 INFO {'Time': 15, 'Energymeter': [170, 1, 46], 'COD': [100, 9729, 10], 'BOD': [100, 9729], 'Temperature': [100, 9729], 'TSS': [100, 4608], 'Ph': [110, 9729, 5], 'TDS': [120, 9729, 4], 'Conductivity': [120, 9729, 4]}
2022-06-28 11:45:47,607 INFO {'Time': 15, 'Energymeter': [170, 1, 46], 'COD': [100, 9729, 10], 'BOD': [100, 9729], 'Temperature': [100, 9729], 'TSS': [100, 4608], 'Ph': [110, 9729, 5], 'TDS': [120, 9729, 4], 'Conductivity': [120, 9729, 4]}
2022-06-28 12:00:26,508 INFO {'Time': 15, 'Energymeter': [170, 1, 46], 'COD': [100, 9729, 10], 'BOD': [100, 9729], 'Temperature': [100, 9729], 'TSS': [100, 4608], 'Ph': [110, 9729, 5], 'TDS': [120, 9729, 4], 'Conductivity': [120, 9729, 4]}
2022-06-28 12:01:59,435 INFO {'Time': 15, 'Energymeter': [170, 1, 46], 'COD': [100, 9729, 10], 'BOD': [100, 9729], 'Temperature': [100, 9729], 'TSS': [100, 4608], 'Ph': [110, 9729, 5], 'TDS': [120, 9729, 4], 'Conductivity': [120, 9729, 4]}
2022-06-28 12:02:36,658 INFO {'Time': 15, 'Energymeter': [170, 1, 46], 'COD': [100, 9729, 10], 'BOD': [100, 9729], 'Temperature': [100, 9729], 'TSS': [100, 4608], 'Ph': [110, 9729, 5], 'TDS': [120, 9729, 4], 'Conductivity': [120, 9729, 4]}
2022-06-28 12:03:36,042 INFO {'Time': 15, 'Energymeter': [170, 1, 46], 'COD': [100, 9729, 10], 'BOD': [100, 9729], 'Temperature': [100, 9729], 'TSS': [100, 4608], 'Ph': [110, 9729, 5], 'TDS': [120, 9729, 4], 'Conductivity': [120, 9729, 4]}
2022-06-28 12:07:59,566 INFO {'Time': 15, 'Energymeter': [170, 1, 46], 'COD': [100, 9729, 10], 'BOD': [100, 9729], 'Temperature': [100, 9729], 'TSS': [100, 4608], 'Ph': [110, 9729, 5], 'TDS': [120, 9729, 4], 'Conductivity': [120, 9729, 4]}
2022-06-28 12:08:17,103 INFO {'Time': 15, 'Energymeter': [170, 1, 46], 'COD': [100, 9729, 10], 'BOD': [100, 9729], 'Temperature': [100, 9729], 'TSS': [100, 4608], 'Ph': [110, 9729, 5], 'TDS': [120, 9729, 4], 'Conductivity': [120, 9729, 4]}
2022-06-28 12:20:59,913 INFO {'Time': 15, 'Energymeter': [170, 1, 46], 'COD': [100, 9729, 10], 'BOD': [100, 9729], 'Temperature': [100, 9729], 'TSS': [100, 4608], 'Ph': [110, 9729, 5], 'TDS': [120, 9729, 4], 'Conductivity': [120, 9729, 4]}
2022-06-28 12:21:28,163 INFO {'Time': 15, 'Energymeter': [170, 1, 46], 'COD': [100, 9729, 10], 'BOD': [100, 9729], 'Temperature': [100, 9729], 'TSS': [100, 4608], 'Ph': [110, 9729, 5], 'TDS': [120, 9729, 4], 'Conductivity': [120, 9729, 4]}
2022-06-28 12:23:22,980 INFO {'Time': 15, 'Energymeter': [170, 1, 46], 'COD': [100, 9729, 10], 'BOD': [100, 9729], 'Temperature': [100, 9729], 'TSS': [100, 4608], 'Ph': [110, 9729, 5], 'TDS': [120, 9729, 4], 'Conductivity': [120, 9729, 4]}
2022-06-28 12:30:26,736 INFO {'Time': 15, 'Energymeter': [170, 1, 46], 'COD': [100, 9729, 10], 'BOD': [100, 9729], 'Temperature': [100, 9729], 'TSS': [100, 4608], 'Ph': [110, 9729, 5], 'TDS': [120, 9729, 4], 'Conductivity': [120, 9729, 4]}
2022-06-28 12:31:22,257 INFO {'Time': 15, 'Energymeter': [170, 1, 46], 'COD': [100, 9729, 10], 'BOD': [100, 9729], 'Temperature': [100, 9729], 'TSS': [100, 4608], 'Ph': [110, 9729, 5], 'TDS': [120, 9729, 4], 'Conductivity': [120, 9729, 4]}
2022-06-28 12:32:58,928 INFO {'Time': 15, 'Energymeter': [170, 1, 46], 'COD': [100, 9729, 10], 'BOD': [100, 9729], 'Temperature': [100, 9729], 'TSS': [100, 4608], 'Ph': [110, 9729, 5], 'TDS': [120, 9729, 4], 'Conductivity': [120, 9729, 4]}
2022-06-28 12:37:28,483 INFO {'Time': 15, 'Energymeter': [170, 1, 46], 'COD': [100, 9729, 10], 'BOD': [100, 9729], 'Temperature': [100, 9729], 'TSS': [100, 4608], 'Ph': [110, 9729, 5], 'TDS': [120, 9729, 4], 'Conductivity': [120, 9729, 4]}
2022-06-28 12:37:44,949 INFO {'Time': 15, 'Energymeter': [170, 1, 46], 'COD': [100, 9729, 10], 'BOD': [100, 9729], 'Temperature': [100, 9729], 'TSS': [100, 4608], 'Ph': [110, 9729, 5], 'TDS': [120, 9729, 4], 'Conductivity': [120, 9729, 4]}
2022-06-28 12:39:57,009 INFO {'Time': 15, 'Energymeter': [170, 1, 46], 'COD': [100, 9729, 10], 'BOD': [100, 9729], 'Temperature': [100, 9729], 'TSS': [100, 4608], 'Ph': [110, 9729, 5], 'TDS': [120, 9729, 4], 'Conductivity': [120, 9729, 4]}
2022-06-28 12:42:38,496 INFO {'Time': 15, 'Energymeter': [170, 1, 46], 'COD': [100, 9729, 10], 'BOD': [100, 9729], 'Temperature': [100, 9729], 'TSS': [100, 4608], 'Ph': [110, 9729, 5], 'TDS': [120, 9729, 4], 'Conductivity': [120, 9729, 4]}
2022-06-28 12:45:00,300 INFO {'Time': 15, 'Energymeter': [170, 1, 46], 'COD': [100, 9729, 10], 'BOD': [100, 9729], 'Temperature': [100, 9729], 'TSS': [100, 4608], 'Ph': [110, 9729, 5], 'TDS': [120, 9729, 4], 'Conductivity': [120, 9729, 4]}
2022-06-28 12:46:48,881 INFO {'Time': 15, 'Energymeter': [170, 1, 46], 'COD': [100, 9729, 10], 'BOD': [100, 9729], 'Temperature': [100, 9729], 'TSS': [100, 4608], 'Ph': [110, 9729, 5], 'TDS': [120, 9729, 4], 'Conductivity': [120, 9729, 4]}
2022-06-28 12:48:32,527 INFO {'Time': 15, 'Energymeter': [170, 1, 46], 'COD': [100, 9729, 10], 'BOD': [100, 9729], 'Temperature': [100, 9729], 'TSS': [100, 4608], 'Ph': [110, 9729, 5], 'TDS': [120, 9729, 4], 'Conductivity': [120, 9729, 4]}
2022-06-28 12:49:54,978 INFO {'Time': 15, 'Energymeter': [170, 1, 46], 'COD': [100, 9729, 10], 'BOD': [100, 9729], 'Temperature': [100, 9729], 'TSS': [100, 4608], 'Ph': [110, 9729, 5], 'TDS': [120, 9729, 4], 'Conductivity': [120, 9729, 4]}
2022-06-28 12:50:29,746 INFO {'Time': 15, 'Energymeter': [170, 1, 46], 'COD': [100, 9729, 10], 'BOD': [100, 9729], 'Temperature': [100, 9729], 'TSS': [100, 4608], 'Ph': [110, 9729, 5], 'TDS': [120, 9729, 4], 'Conductivity': [120, 9729, 4]}
2022-06-28 12:50:52,239 INFO {'Time': 15, 'Energymeter': [170, 1, 46], 'COD': [100, 9729, 10], 'BOD': [100, 9729], 'Temperature': [100, 9729], 'TSS': [100, 4608], 'Ph': [110, 9729, 5], 'TDS': [120, 9729, 4], 'Conductivity': [120, 9729, 4]}
2022-06-28 12:52:16,677 INFO {'Time': 15, 'Energymeter': [170, 1, 46], 'COD': [100, 9729, 10], 'BOD': [100, 9729], 'Temperature': [100, 9729], 'TSS': [100, 4608], 'Ph': [110, 9729, 5], 'TDS': [120, 9729, 4], 'Conductivity': [120, 9729, 4]}
2022-06-28 12:52:33,736 INFO {'Time': 15, 'Energymeter': [170, 1, 46], 'COD': [100, 9729, 10], 'BOD': [100, 9729], 'Temperature': [100, 9729], 'TSS': [100, 4608], 'Ph': [110, 9729, 5], 'TDS': [120, 9729, 4], 'Conductivity': [120, 9729, 4]}
2022-06-28 12:56:04,945 INFO {'Time': 15, 'Energymeter': [170, 1, 46], 'COD': [100, 9729, 10], 'BOD': [100, 9729], 'Temperature': [100, 9729], 'TSS': [100, 4608], 'Ph': [110, 9729, 5], 'TDS': [120, 9729, 4], 'Conductivity': [120, 9729, 4]}
2022-06-28 12:58:05,565 INFO {'Time': 15, 'Energymeter': [170, 1, 46], 'COD': [100, 9729, 10], 'BOD': [100, 9729], 'Temperature': [100, 9729], 'TSS': [100, 4608], 'Ph': [110, 9729, 5], 'TDS': [120, 9729, 4], 'Conductivity': [120, 9729, 4]}
2022-06-28 15:30:36,382 INFO {'Time': 15, 'Energymeter': [170, 1, 46], 'COD': [100, 9729, 10], 'BOD': [100, 9729], 'Temperature': [100, 9729], 'TSS': [100, 4608], 'Ph': [110, 9729, 5], 'TDS': [120, 9729, 4], 'Conductivity': [120, 9729, 4]}
2022-06-28 15:32:11,227 INFO {'Time': 15, 'Energymeter': [170, 1, 46], 'COD': [100, 9729, 10], 'BOD': [100, 9729], 'Temperature': [100, 9729], 'TSS': [100, 4608], 'Ph': [110, 9729, 5], 'TDS': [120, 9729, 4], 'Conductivity': [120, 9729, 4]}
2022-06-28 15:34:45,095 INFO {'Time': 15, 'Energymeter': [170, 1, 46], 'COD': [100, 9729, 10], 'BOD': [100, 9729], 'Temperature': [100, 9729], 'TSS': [100, 4608], 'Ph': [110, 9729, 5], 'TDS': [120, 9729, 4], 'Conductivity': [120, 9729, 4]}
2022-06-28 15:38:52,111 INFO {'Time': 15, 'Energymeter': [170, 1, 46], 'COD': [100, 9729, 10], 'BOD': [100, 9729], 'Temperature': [100, 9729], 'TSS': [100, 4608], 'Ph': [110, 9729, 5], 'TDS': [120, 9729, 4], 'Conductivity': [120, 9729, 4]}
2022-06-28 15:44:51,640 INFO {'Time': 15, 'Energymeter': [170, 1, 46], 'COD': [100, 9729, 10], 'BOD': [100, 9729], 'Temperature': [100, 9729], 'TSS': [100, 4608], 'Ph': [110, 9729, 5], 'TDS': [120, 9729, 4], 'Conductivity': [120, 9729, 4]}
2022-06-28 15:50:26,488 INFO {'Time': 15, 'Energymeter': [170, 1, 46], 'COD': [100, 9729, 10], 'BOD': [100, 9729], 'Temperature': [100, 9729], 'TSS': [100, 4608], 'Ph': [110, 9729, 5], 'TDS': [120, 9729, 4], 'Conductivity': [120, 9729, 4]}
2022-06-28 15:55:25,952 INFO {'Time': 15, 'Energymeter': [170, 1, 46], 'COD': [100, 9729, 10], 'BOD': [100, 9729], 'Temperature': [100, 9729], 'TSS': [100, 4608], 'Ph': [110, 9729, 5], 'TDS': [120, 9729, 4], 'Conductivity': [120, 9729, 4]}
2022-06-28 16:08:35,642 INFO {'Time': 15, 'Energymeter': [170, 1, 46], 'COD': [100, 9729, 10], 'BOD': [100, 9729], 'Temperature': [100, 9729], 'TSS': [100, 4608], 'Ph': [110, 9729, 5], 'TDS': [120, 9729, 4], 'Conductivity': [120, 9729, 4]}
2022-06-28 16:24:13,532 INFO {'Time': 15, 'Energymeter': [170, 1, 46], 'COD': [100, 9729, 10], 'BOD': [100, 9729], 'Temperature': [100, 9729], 'TSS': [100, 4608], 'Ph': [110, 9729, 5], 'TDS': [120, 9729, 4], 'Conductivity': [120, 9729, 4]}
2022-06-28 16:26:32,216 INFO {'Time': 15, 'Energymeter': [170, 1, 46], 'COD': [100, 9729, 10], 'BOD': [100, 9729], 'Temperature': [100, 9729], 'TSS': [100, 4608], 'Ph': [110, 9729, 5], 'TDS': [120, 9729, 4], 'Conductivity': [120, 9729, 4]}
2022-06-28 16:27:50,164 INFO {'Time': 15, 'Energymeter': [170, 1, 46], 'COD': [100, 9729, 10], 'BOD': [100, 9729], 'Temperature': [100, 9729], 'TSS': [100, 4608], 'Ph': [110, 9729, 5], 'TDS': [120, 9729, 4], 'Conductivity': [120, 9729, 4]}
2022-06-28 16:32:57,006 INFO {'Time': 15, 'Energymeter': [170, 1, 46], 'COD': [100, 9729, 10], 'BOD': [100, 9729], 'Temperature': [100, 9729], 'TSS': [100, 4608], 'Ph': [110, 9729, 5], 'TDS': [120, 9729, 4], 'Conductivity': [120, 9729, 4]}
2022-06-28 17:04:16,661 INFO {'Time': 15, 'Energymeter': [170, 1, 46], 'COD': [100, 9729, 10], 'BOD': [100, 9729, 10], 'Temperature': [100, 9729, 10], 'TSS': [100, 4608, 4], 'Ph': [110, 9729, 5], 'TDS': [120, 9729, 4], 'Conductivity': [120, 9729, 4]}
2022-06-28 17:04:42,871 INFO {'Time': 15, 'Energymeter': [170, 1, 46], 'COD': [100, 9729, 10], 'BOD': [100, 9729, 10], 'Temperature': [100, 9729, 10], 'TSS': [100, 4608, 4], 'Ph': [110, 9729, 5], 'TDS': [120, 9729, 4], 'Conductivity': [120, 9729, 4]}
2022-06-28 17:04:42,871 INFO {'Time': 15, 'Energymeter': [170, 1, 46], 'COD': [100, 9729, 10], 'BOD': [100, 9729, 10], 'Temperature': [100, 9729, 10], 'TSS': [100, 4608, 4], 'Ph': [110, 9729, 5], 'TDS': [120, 9729, 4], 'Conductivity': [120, 9729, 4]}
2022-06-28 17:07:05,055 INFO {'Time': 23}
2022-06-28 17:41:44,771 INFO {'RESET': 'Clear'}
2022-06-28 17:42:14,094 INFO {'Time': 15, 'Energymeter': [170, 1, 46], 'COD': [100, 9729, 10], 'BOD': [100, 9729, 10], 'Temperature': [100, 9729, 10], 'TSS': [100, 4608, 4], 'Ph': [110, 9729, 5], 'TDS': [120, 9729, 4], 'Conductivity': [120, 9729, 4]}
2022-06-28 17:45:34,832 INFO {'Time': 15, 'Energymeter': [170, 1, 46], 'COD': [100, 9729, 10], 'BOD': [100, 9729], 'Temperature': [100, 9729], 'TSS': [100, 4608], 'Ph': [110, 9729, 5], 'TDS': [120, 9729, 4], 'Conductivity': [120, 9729, 4]}
2022-06-28 17:46:00,879 INFO {'Time': 15, 'Energymeter': [170, 1, 46], 'COD': [100, 9729, 10], 'BOD': [100, 9729], 'Temperature': [100, 9729], 'TSS': [100, 4608], 'Ph': [110, 9729, 5], 'TDS': [120, 9729, 4], 'Conductivity': [120, 9729, 4]}
2022-06-29 18:16:08,179 INFO {'Time': 15, 'Energymeter': [170, 1, 46], 'COD': [100, 9729, 10], 'BOD': [100, 9729], 'Temperature': [100, 9729], 'TSS': [100, 4608, 4], 'Ph': [110, 9729, 5], 'TDS': [120, 9729, 4], 'Conductivity': [120, 9729, 4]}
2022-06-29 19:02:46,425 INFO {'Time': 15, 'Energymeter': [170, 1, 46], 'COD': [100, 9729, 10], 'BOD': [100, 9729], 'Temperature': [100, 9729], 'TSS': [100, 4608], 'Ph': [110, 9729, 5], 'TDS': [120, 9729, 4], 'Conductivity': [120, 9729, 4]}
2022-06-29 19:03:13,771 INFO {'Time': 15, 'Energymeter': [170, 1, 46], 'COD': [100, 9729, 10], 'BOD': [100, 9729], 'Temperature': [100, 9729], 'TSS': [100, 4608], 'Ph': [110, 9729, 5], 'TDS': [120, 9729, 4], 'Conductivity': [120, 9729, 4]}
2022-06-29 19:05:11,320 INFO {'Time': 15, 'Energymeter': [170, 1, 46], 'COD': [100, 9729, 10], 'BOD': [100, 9729], 'Temperature': [100, 9729], 'TSS': [100, 4608, 4], 'Ph': [110, 9729, 5], 'TDS': [120, 9729, 4], 'Conductivity': [120, 9729, 4]}
2022-06-30 13:02:49,432 INFO {'Time': 15, 'Energymeter': [170, 1, 46], 'COD': [100, 9729], 'BOD': [100, 9729], 'Temperature': [100, 9729, 10], 'TSS': [100, 4608, 4], 'Ph': [110, 9729, 5], 'TDS': [120, 9729, 4], 'Conductivity': [120, 9729, 4]}
2022-06-30 13:03:10,229 INFO {'Time': 15, 'Energymeter': [170, 1, 46], 'COD': [100, 9729], 'BOD': [100, 9729], 'Temperature': [100, 9729, 10], 'TSS': [100, 4608, 4], 'Ph': [110, 9729, 5], 'TDS': [120, 9729, 4], 'Conductivity': [120, 9729, 4]}
2022-06-30 13:04:36,368 INFO {'Time': 15, 'Energymeter': [170, 1, 46], 'COD': [100, 9729], 'BOD': [100, 9729], 'Temperature': [100, 9729, 10], 'TSS': [100, 4608, 4], 'Ph': [110, 9729, 5], 'TDS': [120, 9729, 4], 'Conductivity': [120, 9729, 4]}
2022-06-30 13:09:26,566 INFO {'Time': 15, 'Energymeter': [170, 1, 46], 'COD': [100, 9729], 'BOD': [100, 9729], 'Temperature': [100, 9729, 10], 'TSS': [100, 4608, 4], 'Ph': [110, 9729, 5], 'TDS': [120, 9729, 4], 'Conductivity': [120, 9729, 4]}
2022-06-30 13:09:39,148 INFO {'Time': 15, 'Energymeter': [170, 1, 46], 'COD': [100, 9729], 'BOD': [100, 9729], 'Temperature': [100, 9729, 10], 'TSS': [100, 4608, 4], 'Ph': [110, 9729, 5], 'TDS': [120, 9729, 4], 'Conductivity': [120, 9729, 4]}
2022-06-30 13:54:26,791 INFO {'Time': 15, 'Energymeter': [170, 1, 46], 'COD': [100, 9729], 'BOD': [100, 9729], 'Temperature': [100, 10], 'TSS': [100, 4608, 4], 'Ph': [110, 9729, 5], 'TDS': [120, 9729, 4], 'Conductivity': [120, 9729, 4]}
2022-06-30 13:54:51,748 INFO {'Time': 15, 'Energymeter': [170, 1, 46], 'COD': [100, 9729], 'BOD': [100, 9729], 'Temperature': [100, 10], 'TSS': [100, 4608, 4], 'Ph': [110, 9729, 5], 'TDS': [120, 9729, 4], 'Conductivity': [120, 9729, 4]}
2022-06-30 13:55:22,406 INFO {'Time': 15, 'Energymeter': [170, 1, 46], 'COD': [100, 9729], 'BOD': [100, 9729], 'Temperature': [100, 10], 'TSS': [100, 4608, 4], 'Ph': [110, 9729, 5], 'TDS': [120, 9729, 4], 'Conductivity': [120, 9729, 4]}
2022-06-30 16:16:53,254 INFO {'Time': 15, 'Energymeter': [170, 1, 46], 'COD': [100, 9729], 'BOD': [100, 9729], 'Temperature': [100, 10], 'TSS': [100, 4608, 4], 'Ph': [110, 9729, 5], 'TDS': [120, 9729, 4], 'Conductivity': [120, 9729, 4]}
2022-06-30 16:18:41,966 INFO {'Time': 15, 'Energymeter': [170, 1, 46], 'COD': [100, 9729], 'BOD': [100, 9729], 'Temperature': [100, 10], 'TSS': [100, 4608, 4], 'Ph': [110, 9729, 5], 'TDS': [120, 9729, 4], 'Conductivity': [120, 9729, 4]}
2022-06-30 16:21:08,338 INFO {'Time': 15, 'Energymeter': [170, 1, 46], 'COD': [100, 9729], 'BOD': [100, 9729], 'Temperature': [100, 10], 'TSS': [100, 4608, 4], 'Ph': [110, 9729, 5], 'TDS': [120, 9729, 4], 'Conductivity': [120, 9729, 4]}
