2022-08-17 13:53:12,153 - INFO - Readings written to file.
2022-08-17 13:55:51,669 - INFO - Readings written to file.
2022-08-17 14:15:07,239 - INFO - Readings written to file.
2022-08-17 14:15:38,761 - INFO - Readings written to file.
2022-08-17 14:24:30,703 - INFO - Readings written to file.
2022-08-17 14:24:43,869 - INFO - Readings written to file.
2022-08-17 14:24:45,800 - INFO - Readings written to file.
2022-08-17 14:24:46,515 - INFO - Readings written to file.
2022-08-17 14:24:49,479 - INFO - Readings written to file.
2022-08-17 14:24:52,499 - INFO - Readings written to file.
2022-08-17 14:24:54,987 - INFO - Readings written to file.
2022-08-17 16:23:06,748 - INFO - Readings written to file.
2022-08-17 16:23:37,250 - INFO - Readings written to file.
2022-08-17 16:26:28,680 - INFO - Readings written to file.
2022-08-17 16:26:28,682 - INFO - BOD DeviceID 101 Not found
2022-08-17 16:29:08,867 - INFO - Readings written to file.
2022-08-17 16:29:08,868 - INFO - Received readings from Sensor
2022-08-17 16:29:08,869 - INFO - Reading from sensor disabled
2022-08-17 16:32:29,712 - INFO - Readings written to file.
2022-08-17 16:38:28,491 - INFO - Readings written to file.
2022-08-17 16:38:28,493 - INFO - Received readings from Sensor
2022-08-17 16:38:28,493 - INFO - Reading from sensor disabled
2022-08-17 17:14:42,948 - INFO - Readings written to file.
2022-08-17 17:15:52,842 - INFO - Readings written to file.
2022-08-17 17:15:52,844 - INFO - Reading disabled
2022-08-17 17:23:06,526 - INFO - Readings written to file.
2022-08-17 17:23:06,528 - INFO - Reading disabled
2022-08-17 17:33:58,850 - INFO - Readings written to file.
2022-08-17 17:33:58,851 - INFO - Reading disabled
2022-08-17 17:42:59,098 - INFO - Readings written to file.
2022-08-17 17:42:59,099 - INFO - Reading disabled
2022-08-17 17:49:08,858 - INFO - Readings written to file.
2022-08-17 17:49:08,860 - INFO - Reading disabled
2022-08-17 17:51:06,219 - INFO - Readings written to file.
2022-08-17 17:51:06,221 - INFO - Reading disabled
2022-08-17 17:53:59,108 - INFO - Readings written to file.
2022-08-17 17:53:59,109 - INFO - BOD DeviceID 101 Not found
2022-08-17 17:56:37,275 - INFO - Readings written to file.
2022-08-17 17:56:37,276 - INFO - Reading disabled
2022-08-17 17:57:34,709 - INFO - Readings written to file.
2022-08-17 17:57:34,712 - INFO - Reading disabled
2022-08-17 17:58:02,492 - INFO - Readings written to file.
2022-08-17 17:58:02,494 - INFO - Reading disabled
2022-08-17 18:01:14,393 - INFO - Readings written to file.
2022-08-17 18:01:14,395 - INFO - Reading disabled
2022-08-17 18:05:20,651 - INFO - Readings written to file.
2022-08-17 18:05:20,653 - INFO - Reading disabled
2022-08-17 18:07:12,192 - INFO - Readings written to file.
2022-08-17 18:07:12,194 - INFO - Reading disabled
2022-08-17 18:09:06,720 - INFO - Readings written to file.
2022-08-17 18:09:06,722 - INFO - Reading disabled*******
2022-08-17 18:13:35,698 - INFO - Readings written to file.
2022-08-17 18:25:17,096 - INFO - Readings written to file.
2022-08-17 18:25:17,098 - INFO - Reading disabled*******
2022-08-17 18:28:35,866 - INFO - Readings written to file.
2022-08-17 18:28:35,868 - INFO - Reading disabled*******
2022-08-17 18:30:18,688 - INFO - Readings written to file.
2022-08-17 18:30:18,691 - INFO - Reading disabled*******
2022-08-17 18:38:35,596 - INFO - Readings written to file.
2022-08-17 18:39:18,429 - INFO - Readings written to file.
2022-08-17 18:39:18,431 - INFO - Reading disabled*******
2022-08-17 18:54:37,099 - INFO - Readings written to file.
2022-08-17 18:54:37,101 - INFO - Reading disabled*******
2022-08-17 18:54:52,257 - INFO - Readings written to file.
2022-08-17 18:54:52,259 - INFO - Reading disabled*******
2022-08-17 18:55:46,251 - INFO - Readings written to file.
2022-08-17 18:56:05,060 - INFO - Readings written to file.
2022-08-17 18:56:05,067 - INFO - Reading disabled*******
2022-08-17 19:05:34,358 - INFO - Readings written to file.
2022-08-17 19:05:34,361 - INFO - 'BODSensor' object has no attribute 'deviceid'
2022-08-17 19:05:55,991 - INFO - Readings written to file.
2022-08-17 19:05:55,993 - INFO - Reading disabled*******
2022-08-17 19:14:07,060 - INFO - Readings written to file.
2022-08-17 19:14:07,062 - INFO - Reading disabled*******
2022-08-17 19:14:14,447 - INFO - Readings written to file.
2022-08-17 19:14:14,448 - INFO - 'BODSensor' object has no attribute 'deviceid'
2022-08-17 19:14:22,412 - INFO - Readings written to file.
2022-08-17 19:14:22,414 - INFO - 'BODSensor' object has no attribute 'deviceid'
2022-08-17 19:14:33,434 - INFO - Readings written to file.
2022-08-17 19:14:33,437 - INFO - Reading disabled*******
2022-08-17 19:15:59,182 - INFO - Readings written to file.
2022-08-17 19:15:59,184 - INFO - Reading disabled*******
2022-08-17 19:16:56,950 - INFO - Readings written to file.
2022-08-17 19:16:56,954 - INFO - Reading disabled*******
2022-08-18 15:05:41,673 - DEBUG - Readings written to file.
2022-08-18 15:07:32,009 - DEBUG - Readings written to file.
2022-08-18 15:34:25,879 - INFO - Readings written to file.
2022-08-18 15:34:34,608 - INFO - Readings written to file.
